# JRE version: OpenJDK Runtime Environment Temurin-21.0.9+10 (21.0.9+10) (build 21.0.9+10-LTS)
# Java VM: OpenJDK 64-Bit Server VM Temurin-21.0.9+10 (21.0.9+10-LTS, mixed mode, sharing, tiered, compressed oops, compressed class ptrs, parallel gc, windows-amd64)
GC Precious Log:
 CardTable entry size: 512
 CPUs: 8 total, 8 available
 Memory: 7914M
 Large Page Support: Disabled
 NUMA Support: Disabled
 Compressed Oops: Enabled (32-bit)
 Alignments: Space 512K, Generation 512K, Heap 2M
 Heap Min Capacity: 100M
 Heap Initial Capacity: 100M
 Heap Max Capacity: 2G
 Pre-touch: Disabled
 Parallel Workers: 8
Heap:
 PSYoungGen      total 7168K, used 1615K [0x00000000d5580000, 0x00000000d6100000, 0x0000000100000000)
  eden space 5632K, 5% used [0x00000000d5580000,0x00000000d55d3920,0x00000000d5b00000)
  from space 1536K, 83% used [0x00000000d5f80000,0x00000000d60c0480,0x00000000d6100000)
  to   space 1536K, 0% used [0x00000000d5e00000,0x00000000d5e00000,0x00000000d5f80000)
 ParOldGen       total 141312K, used 140991K [0x0000000080000000, 0x0000000088a00000, 0x00000000d5580000)
  object space 141312K, 99% used [0x0000000080000000,0x00000000889afcf8,0x0000000088a00000)
 Metaspace       used 69601K, committed 71104K, reserved 1114112K
  class space    used 7296K, committed 7936K, reserved 1048576K
GC Heap History (20 events):
Event: 3717.772 GC heap before
{Heap before GC invocations=302 (full 3):
 PSYoungGen      total 6144K, used 5856K [0x00000000d5580000, 0x00000000d6100000, 0x0000000100000000)
  eden space 5632K, 100% used [0x00000000d5580000,0x00000000d5b00000,0x00000000d5b00000)
  from space 512K, 43% used [0x00000000d6080000,0x00000000d60b8000,0x00000000d6100000)
  to   space 512K, 0% used [0x00000000d6000000,0x00000000d6000000,0x00000000d6080000)
 ParOldGen       total 137728K, used 137334K [0x0000000080000000, 0x0000000088680000, 0x00000000d5580000)
  object space 137728K, 99% used [0x0000000080000000,0x000000008861d8d8,0x0000000088680000)
 Metaspace       used 69416K, committed 70976K, reserved 1114112K
  class space    used 7264K, committed 7936K, reserved 1048576K
}
Event: 3717.773 GC heap after
{Heap after GC invocations=302 (full 3):
 PSYoungGen      total 6144K, used 288K [0x00000000d5580000, 0x00000000d6100000, 0x0000000100000000)
  eden space 5632K, 0% used [0x00000000d5580000,0x00000000d5580000,0x00000000d5b00000)
  from space 512K, 56% used [0x00000000d6000000,0x00000000d6048000,0x00000000d6080000)
  to   space 512K, 0% used [0x00000000d6080000,0x00000000d6080000,0x00000000d6100000)
 ParOldGen       total 137728K, used 137414K [0x0000000080000000, 0x0000000088680000, 0x00000000d5580000)
  object space 137728K, 99% used [0x0000000080000000,0x00000000886318d8,0x0000000088680000)
 Metaspace       used 69416K, committed 70976K, reserved 1114112K
  class space    used 7264K, committed 7936K, reserved 1048576K
}
Event: 3717.787 GC heap before
{Heap before GC invocations=303 (full 3):
 PSYoungGen      total 6144K, used 5920K [0x00000000d5580000, 0x00000000d6100000, 0x0000000100000000)
  eden space 5632K, 100% used [0x00000000d5580000,0x00000000d5b00000,0x00000000d5b00000)
  from space 512K, 56% used [0x00000000d6000000,0x00000000d6048000,0x00000000d6080000)
  to   space 512K, 0% used [0x00000000d6080000,0x00000000d6080000,0x00000000d6100000)
 ParOldGen       total 137728K, used 137414K [0x0000000080000000, 0x0000000088680000, 0x00000000d5580000)
  object space 137728K, 99% used [0x0000000080000000,0x00000000886318d8,0x0000000088680000)
 Metaspace       used 69416K, committed 70976K, reserved 1114112K
  class space    used 7264K, committed 7936K, reserved 1048576K
}
Event: 3717.788 GC heap after
{Heap after GC invocations=303 (full 3):
 PSYoungGen      total 6144K, used 256K [0x00000000d5580000, 0x00000000d6100000, 0x0000000100000000)
  eden space 5632K, 0% used [0x00000000d5580000,0x00000000d5580000,0x00000000d5b00000)
  from space 512K, 50% used [0x00000000d6080000,0x00000000d60c0000,0x00000000d6100000)
  to   space 512K, 0% used [0x00000000d6000000,0x00000000d6000000,0x00000000d6080000)
 ParOldGen       total 137728K, used 137542K [0x0000000080000000, 0x0000000088680000, 0x00000000d5580000)
  object space 137728K, 99% used [0x0000000080000000,0x00000000886518d8,0x0000000088680000)
 Metaspace       used 69416K, committed 70976K, reserved 1114112K
  class space    used 7264K, committed 7936K, reserved 1048576K
}
Event: 3717.802 GC heap before
{Heap before GC invocations=304 (full 3):
 PSYoungGen      total 6144K, used 5888K [0x00000000d5580000, 0x00000000d6100000, 0x0000000100000000)
  eden space 5632K, 100% used [0x00000000d5580000,0x00000000d5b00000,0x00000000d5b00000)
  from space 512K, 50% used [0x00000000d6080000,0x00000000d60c0000,0x00000000d6100000)
  to   space 512K, 0% used [0x00000000d6000000,0x00000000d6000000,0x00000000d6080000)
 ParOldGen       total 137728K, used 137542K [0x0000000080000000, 0x0000000088680000, 0x00000000d5580000)
  object space 137728K, 99% used [0x0000000080000000,0x00000000886518d8,0x0000000088680000)
 Metaspace       used 69418K, committed 70976K, reserved 1114112K
  class space    used 7264K, committed 7936K, reserved 1048576K
}
Event: 3717.804 GC heap after
{Heap after GC invocations=304 (full 3):
 PSYoungGen      total 6144K, used 256K [0x00000000d5580000, 0x00000000d6100000, 0x0000000100000000)
  eden space 5632K, 0% used [0x00000000d5580000,0x00000000d5580000,0x00000000d5b00000)
  from space 512K, 50% used [0x00000000d6000000,0x00000000d6040000,0x00000000d6080000)
  to   space 512K, 0% used [0x00000000d6080000,0x00000000d6080000,0x00000000d6100000)
 ParOldGen       total 137728K, used 137694K [0x0000000080000000, 0x0000000088680000, 0x00000000d5580000)
  object space 137728K, 99% used [0x0000000080000000,0x00000000886778d8,0x0000000088680000)
 Metaspace       used 69418K, committed 70976K, reserved 1114112K
  class space    used 7264K, committed 7936K, reserved 1048576K
}
Event: 3717.814 GC heap before
{Heap before GC invocations=305 (full 3):
 PSYoungGen      total 6144K, used 5888K [0x00000000d5580000, 0x00000000d6100000, 0x0000000100000000)
  eden space 5632K, 100% used [0x00000000d5580000,0x00000000d5b00000,0x00000000d5b00000)
  from space 512K, 50% used [0x00000000d6000000,0x00000000d6040000,0x00000000d6080000)
  to   space 512K, 0% used [0x00000000d6080000,0x00000000d6080000,0x00000000d6100000)
 ParOldGen       total 137728K, used 137694K [0x0000000080000000, 0x0000000088680000, 0x00000000d5580000)
  object space 137728K, 99% used [0x0000000080000000,0x00000000886778d8,0x0000000088680000)
 Metaspace       used 69418K, committed 70976K, reserved 1114112K
  class space    used 7264K, committed 7936K, reserved 1048576K
}
Event: 3717.815 GC heap after
{Heap after GC invocations=305 (full 3):
 PSYoungGen      total 6144K, used 192K [0x00000000d5580000, 0x00000000d6100000, 0x0000000100000000)
  eden space 5632K, 0% used [0x00000000d5580000,0x00000000d5580000,0x00000000d5b00000)
  from space 512K, 37% used [0x00000000d6080000,0x00000000d60b0000,0x00000000d6100000)
  to   space 512K, 0% used [0x00000000d6000000,0x00000000d6000000,0x00000000d6080000)
 ParOldGen       total 138240K, used 137862K [0x0000000080000000, 0x0000000088700000, 0x00000000d5580000)
  object space 138240K, 99% used [0x0000000080000000,0x00000000886a18d8,0x0000000088700000)
 Metaspace       used 69418K, committed 70976K, reserved 1114112K
  class space    used 7264K, committed 7936K, reserved 1048576K
}
Event: 3717.829 GC heap before
{Heap before GC invocations=306 (full 3):
 PSYoungGen      total 6144K, used 5824K [0x00000000d5580000, 0x00000000d6100000, 0x0000000100000000)
  eden space 5632K, 100% used [0x00000000d5580000,0x00000000d5b00000,0x00000000d5b00000)
  from space 512K, 37% used [0x00000000d6080000,0x00000000d60b0000,0x00000000d6100000)
  to   space 512K, 0% used [0x00000000d6000000,0x00000000d6000000,0x00000000d6080000)
 ParOldGen       total 138240K, used 137862K [0x0000000080000000, 0x0000000088700000, 0x00000000d5580000)
  object space 138240K, 99% used [0x0000000080000000,0x00000000886a18d8,0x0000000088700000)
 Metaspace       used 69418K, committed 70976K, reserved 1114112K
  class space    used 7264K, committed 7936K, reserved 1048576K
}
Event: 3717.831 GC heap after
{Heap after GC invocations=306 (full 3):
 PSYoungGen      total 6144K, used 256K [0x00000000d5580000, 0x00000000d6100000, 0x0000000100000000)
  eden space 5632K, 0% used [0x00000000d5580000,0x00000000d5580000,0x00000000d5b00000)
  from space 512K, 50% used [0x00000000d6000000,0x00000000d6040000,0x00000000d6080000)
  to   space 512K, 0% used [0x00000000d6080000,0x00000000d6080000,0x00000000d6100000)
 ParOldGen       total 138240K, used 138006K [0x0000000080000000, 0x0000000088700000, 0x00000000d5580000)
  object space 138240K, 99% used [0x0000000080000000,0x00000000886c58d8,0x0000000088700000)
 Metaspace       used 69418K, committed 70976K, reserved 1114112K
  class space    used 7264K, committed 7936K, reserved 1048576K
}
Event: 3717.845 GC heap before
{Heap before GC invocations=307 (full 3):
 PSYoungGen      total 6144K, used 5888K [0x00000000d5580000, 0x00000000d6100000, 0x0000000100000000)
  eden space 5632K, 100% used [0x00000000d5580000,0x00000000d5b00000,0x00000000d5b00000)
  from space 512K, 50% used [0x00000000d6000000,0x00000000d6040000,0x00000000d6080000)
  to   space 512K, 0% used [0x00000000d6080000,0x00000000d6080000,0x00000000d6100000)
 ParOldGen       total 138240K, used 138006K [0x0000000080000000, 0x0000000088700000, 0x00000000d5580000)
  object space 138240K, 99% used [0x0000000080000000,0x00000000886c58d8,0x0000000088700000)
 Metaspace       used 69418K, committed 70976K, reserved 1114112K
  class space    used 7264K, committed 7936K, reserved 1048576K
}
Event: 3717.846 GC heap after
{Heap after GC invocations=307 (full 3):
 PSYoungGen      total 6144K, used 288K [0x00000000d5580000, 0x00000000d6100000, 0x0000000100000000)
  eden space 5632K, 0% used [0x00000000d5580000,0x00000000d5580000,0x00000000d5b00000)
  from space 512K, 56% used [0x00000000d6080000,0x00000000d60c8000,0x00000000d6100000)
  to   space 512K, 0% used [0x00000000d6000000,0x00000000d6000000,0x00000000d6080000)
 ParOldGen       total 138240K, used 138174K [0x0000000080000000, 0x0000000088700000, 0x00000000d5580000)
  object space 138240K, 99% used [0x0000000080000000,0x00000000886ef8d8,0x0000000088700000)
 Metaspace       used 69418K, committed 70976K, reserved 1114112K
  class space    used 7264K, committed 7936K, reserved 1048576K
}
Event: 3717.991 GC heap before
{Heap before GC invocations=308 (full 3):
 PSYoungGen      total 6144K, used 5920K [0x00000000d5580000, 0x00000000d6100000, 0x0000000100000000)
  eden space 5632K, 100% used [0x00000000d5580000,0x00000000d5b00000,0x00000000d5b00000)
  from space 512K, 56% used [0x00000000d6080000,0x00000000d60c8000,0x00000000d6100000)
  to   space 512K, 0% used [0x00000000d6000000,0x00000000d6000000,0x00000000d6080000)
 ParOldGen       total 138240K, used 138174K [0x0000000080000000, 0x0000000088700000, 0x00000000d5580000)
  object space 138240K, 99% used [0x0000000080000000,0x00000000886ef8d8,0x0000000088700000)
 Metaspace       used 69531K, committed 71040K, reserved 1114112K
  class space    used 7289K, committed 7936K, reserved 1048576K
}
Event: 3717.994 GC heap after
{Heap after GC invocations=308 (full 3):
 PSYoungGen      total 6144K, used 480K [0x00000000d5580000, 0x00000000d6100000, 0x0000000100000000)
  eden space 5632K, 0% used [0x00000000d5580000,0x00000000d5580000,0x00000000d5b00000)
  from space 512K, 93% used [0x00000000d6000000,0x00000000d6078010,0x00000000d6080000)
  to   space 512K, 0% used [0x00000000d6080000,0x00000000d6080000,0x00000000d6100000)
 ParOldGen       total 138752K, used 138342K [0x0000000080000000, 0x0000000088780000, 0x00000000d5580000)
  object space 138752K, 99% used [0x0000000080000000,0x00000000887198d8,0x0000000088780000)
 Metaspace       used 69531K, committed 71040K, reserved 1114112K
  class space    used 7289K, committed 7936K, reserved 1048576K
}
Event: 3718.050 GC heap before
{Heap before GC invocations=309 (full 3):
 PSYoungGen      total 6144K, used 6112K [0x00000000d5580000, 0x00000000d6100000, 0x0000000100000000)
  eden space 5632K, 100% used [0x00000000d5580000,0x00000000d5b00000,0x00000000d5b00000)
  from space 512K, 93% used [0x00000000d6000000,0x00000000d6078010,0x00000000d6080000)
  to   space 512K, 0% used [0x00000000d6080000,0x00000000d6080000,0x00000000d6100000)
 ParOldGen       total 138752K, used 138342K [0x0000000080000000, 0x0000000088780000, 0x00000000d5580000)
  object space 138752K, 99% used [0x0000000080000000,0x00000000887198d8,0x0000000088780000)
 Metaspace       used 69532K, committed 71040K, reserved 1114112K
  class space    used 7289K, committed 7936K, reserved 1048576K
}
Event: 3718.053 GC heap after
{Heap after GC invocations=309 (full 3):
 PSYoungGen      total 6144K, used 480K [0x00000000d5580000, 0x00000000d6100000, 0x0000000100000000)
  eden space 5632K, 0% used [0x00000000d5580000,0x00000000d5580000,0x00000000d5b00000)
  from space 512K, 93% used [0x00000000d6080000,0x00000000d60f8010,0x00000000d6100000)
  to   space 2560K, 0% used [0x00000000d5c00000,0x00000000d5c00000,0x00000000d5e80000)
 ParOldGen       total 140288K, used 139854K [0x0000000080000000, 0x0000000088900000, 0x00000000d5580000)
  object space 140288K, 99% used [0x0000000080000000,0x00000000888938d8,0x0000000088900000)
 Metaspace       used 69532K, committed 71040K, reserved 1114112K
  class space    used 7289K, committed 7936K, reserved 1048576K
}
Event: 3718.175 GC heap before
{Heap before GC invocations=310 (full 3):
 PSYoungGen      total 6144K, used 6112K [0x00000000d5580000, 0x00000000d6100000, 0x0000000100000000)
  eden space 5632K, 100% used [0x00000000d5580000,0x00000000d5b00000,0x00000000d5b00000)
  from space 512K, 93% used [0x00000000d6080000,0x00000000d60f8010,0x00000000d6100000)
  to   space 2560K, 0% used [0x00000000d5c00000,0x00000000d5c00000,0x00000000d5e80000)
 ParOldGen       total 140288K, used 139854K [0x0000000080000000, 0x0000000088900000, 0x00000000d5580000)
  object space 140288K, 99% used [0x0000000080000000,0x00000000888938d8,0x0000000088900000)
 Metaspace       used 69562K, committed 71104K, reserved 1114112K
  class space    used 7292K, committed 7936K, reserved 1048576K
}
Event: 3718.177 GC heap after
{Heap after GC invocations=310 (full 3):
 PSYoungGen      total 8192K, used 745K [0x00000000d5580000, 0x00000000d6100000, 0x0000000100000000)
  eden space 5632K, 0% used [0x00000000d5580000,0x00000000d5580000,0x00000000d5b00000)
  from space 2560K, 29% used [0x00000000d5c00000,0x00000000d5cba410,0x00000000d5e80000)
  to   space 1536K, 0% used [0x00000000d5f80000,0x00000000d5f80000,0x00000000d6100000)
 ParOldGen       total 140800K, used 140358K [0x0000000080000000, 0x0000000088980000, 0x00000000d5580000)
  object space 140800K, 99% used [0x0000000080000000,0x00000000889118e8,0x0000000088980000)
 Metaspace       used 69562K, committed 71104K, reserved 1114112K
  class space    used 7292K, committed 7936K, reserved 1048576K
}
Event: 3718.243 GC heap before
{Heap before GC invocations=311 (full 3):
 PSYoungGen      total 8192K, used 6377K [0x00000000d5580000, 0x00000000d6100000, 0x0000000100000000)
  eden space 5632K, 100% used [0x00000000d5580000,0x00000000d5b00000,0x00000000d5b00000)
  from space 2560K, 29% used [0x00000000d5c00000,0x00000000d5cba410,0x00000000d5e80000)
  to   space 1536K, 0% used [0x00000000d5f80000,0x00000000d5f80000,0x00000000d6100000)
 ParOldGen       total 140800K, used 140358K [0x0000000080000000, 0x0000000088980000, 0x00000000d5580000)
  object space 140800K, 99% used [0x0000000080000000,0x00000000889118e8,0x0000000088980000)
 Metaspace       used 69599K, committed 71104K, reserved 1114112K
  class space    used 7296K, committed 7936K, reserved 1048576K
}
Event: 3718.248 GC heap after
{Heap after GC invocations=311 (full 3):
 PSYoungGen      total 7168K, used 1281K [0x00000000d5580000, 0x00000000d6100000, 0x0000000100000000)
  eden space 5632K, 0% used [0x00000000d5580000,0x00000000d5580000,0x00000000d5b00000)
  from space 1536K, 83% used [0x00000000d5f80000,0x00000000d60c0480,0x00000000d6100000)
  to   space 1536K, 0% used [0x00000000d5e00000,0x00000000d5e00000,0x00000000d5f80000)
 ParOldGen       total 141312K, used 140991K [0x0000000080000000, 0x0000000088a00000, 0x00000000d5580000)
  object space 141312K, 99% used [0x0000000080000000,0x00000000889afcf8,0x0000000088a00000)
 Metaspace       used 69599K, committed 71104K, reserved 1114112K
  class space    used 7296K, committed 7936K, reserved 1048576K
}

