# JRE version: OpenJDK Runtime Environment Temurin-21.0.9+10 (21.0.9+10) (build 21.0.9+10-LTS)
# Java VM: OpenJDK 64-Bit Server VM Temurin-21.0.9+10 (21.0.9+10-LTS, mixed mode, sharing, tiered, compressed oops, compressed class ptrs, parallel gc, windows-amd64)
GC Precious Log:
 CardTable entry size: 512
 CPUs: 8 total, 8 available
 Memory: 7914M
 Large Page Support: Disabled
 NUMA Support: Disabled
 Compressed Oops: Enabled (32-bit)
 Alignments: Space 512K, Generation 512K, Heap 2M
 Heap Min Capacity: 100M
 Heap Initial Capacity: 100M
 Heap Max Capacity: 2G
 Pre-touch: Disabled
 Parallel Workers: 8
Heap:
 PSYoungGen      total 6656K, used 814K [0x00000000d5580000, 0x00000000d6200000, 0x0000000100000000)
  eden space 6144K, 6% used [0x00000000d5580000,0x00000000d55e3b18,0x00000000d5b80000)
  from space 512K, 81% used [0x00000000d6180000,0x00000000d61e8000,0x00000000d6200000)
  to   space 1024K, 0% used [0x00000000d6000000,0x00000000d6000000,0x00000000d6100000)
 ParOldGen       total 710144K, used 387613K [0x0000000080000000, 0x00000000ab580000, 0x00000000d5580000)
  object space 710144K, 54% used [0x0000000080000000,0x0000000097a877e8,0x00000000ab580000)
 Metaspace       used 82868K, committed 84480K, reserved 1179648K
  class space    used 8549K, committed 9216K, reserved 1048576K
GC Heap History (20 events):
Event: 1301.592 GC heap before
{Heap before GC invocations=1117 (full 4):
 PSYoungGen      total 9216K, used 9108K [0x00000000d5580000, 0x00000000d6700000, 0x0000000100000000)
  eden space 6144K, 100% used [0x00000000d5580000,0x00000000d5b80000,0x00000000d5b80000)
  from space 3072K, 96% used [0x00000000d6400000,0x00000000d66e5200,0x00000000d6700000)
  to   space 4608K, 0% used [0x00000000d5e00000,0x00000000d5e00000,0x00000000d6280000)
 ParOldGen       total 710144K, used 361789K [0x0000000080000000, 0x00000000ab580000, 0x00000000d5580000)
  object space 710144K, 50% used [0x0000000080000000,0x000000009614f428,0x00000000ab580000)
 Metaspace       used 82575K, committed 84160K, reserved 1179648K
  class space    used 8546K, committed 9216K, reserved 1048576K
}
Event: 1301.606 GC heap after
{Heap after GC invocations=1117 (full 4):
 PSYoungGen      total 10752K, used 4576K [0x00000000d5580000, 0x00000000d6c80000, 0x0000000100000000)
  eden space 6144K, 0% used [0x00000000d5580000,0x00000000d5580000,0x00000000d5b80000)
  from space 4608K, 99% used [0x00000000d5e00000,0x00000000d62782a0,0x00000000d6280000)
  to   space 8704K, 0% used [0x00000000d6400000,0x00000000d6400000,0x00000000d6c80000)
 ParOldGen       total 710144K, used 364945K [0x0000000080000000, 0x00000000ab580000, 0x00000000d5580000)
  object space 710144K, 51% used [0x0000000080000000,0x0000000096464648,0x00000000ab580000)
 Metaspace       used 82575K, committed 84160K, reserved 1179648K
  class space    used 8546K, committed 9216K, reserved 1048576K
}
Event: 1301.706 GC heap before
{Heap before GC invocations=1118 (full 4):
 PSYoungGen      total 10752K, used 10720K [0x00000000d5580000, 0x00000000d6c80000, 0x0000000100000000)
  eden space 6144K, 100% used [0x00000000d5580000,0x00000000d5b80000,0x00000000d5b80000)
  from space 4608K, 99% used [0x00000000d5e00000,0x00000000d62782a0,0x00000000d6280000)
  to   space 8704K, 0% used [0x00000000d6400000,0x00000000d6400000,0x00000000d6c80000)
 ParOldGen       total 710144K, used 364945K [0x0000000080000000, 0x00000000ab580000, 0x00000000d5580000)
  object space 710144K, 51% used [0x0000000080000000,0x0000000096464648,0x00000000ab580000)
 Metaspace       used 82575K, committed 84160K, reserved 1179648K
  class space    used 8546K, committed 9216K, reserved 1048576K
}
Event: 1301.723 GC heap after
{Heap after GC invocations=1118 (full 4):
 PSYoungGen      total 11264K, used 4858K [0x00000000d5580000, 0x00000000d6900000, 0x0000000100000000)
  eden space 6144K, 0% used [0x00000000d5580000,0x00000000d5580000,0x00000000d5b80000)
  from space 5120K, 94% used [0x00000000d6400000,0x00000000d68be920,0x00000000d6900000)
  to   space 6144K, 0% used [0x00000000d5d00000,0x00000000d5d00000,0x00000000d6300000)
 ParOldGen       total 710144K, used 369525K [0x0000000080000000, 0x00000000ab580000, 0x00000000d5580000)
  object space 710144K, 52% used [0x0000000080000000,0x00000000968dd6e8,0x00000000ab580000)
 Metaspace       used 82575K, committed 84160K, reserved 1179648K
  class space    used 8546K, committed 9216K, reserved 1048576K
}
Event: 1315.007 GC heap before
{Heap before GC invocations=1119 (full 4):
 PSYoungGen      total 11264K, used 11002K [0x00000000d5580000, 0x00000000d6900000, 0x0000000100000000)
  eden space 6144K, 100% used [0x00000000d5580000,0x00000000d5b80000,0x00000000d5b80000)
  from space 5120K, 94% used [0x00000000d6400000,0x00000000d68be920,0x00000000d6900000)
  to   space 6144K, 0% used [0x00000000d5d00000,0x00000000d5d00000,0x00000000d6300000)
 ParOldGen       total 710144K, used 369525K [0x0000000080000000, 0x00000000ab580000, 0x00000000d5580000)
  object space 710144K, 52% used [0x0000000080000000,0x00000000968dd6e8,0x00000000ab580000)
 Metaspace       used 82589K, committed 84224K, reserved 1179648K
  class space    used 8547K, committed 9216K, reserved 1048576K
}
Event: 1315.055 GC heap after
{Heap after GC invocations=1119 (full 4):
 PSYoungGen      total 7168K, used 804K [0x00000000d5580000, 0x00000000d6480000, 0x0000000100000000)
  eden space 6144K, 0% used [0x00000000d5580000,0x00000000d5580000,0x00000000d5b80000)
  from space 1024K, 78% used [0x00000000d5d00000,0x00000000d5dc9210,0x00000000d5e00000)
  to   space 2560K, 0% used [0x00000000d6200000,0x00000000d6200000,0x00000000d6480000)
 ParOldGen       total 710144K, used 374214K [0x0000000080000000, 0x00000000ab580000, 0x00000000d5580000)
  object space 710144K, 52% used [0x0000000080000000,0x0000000096d71918,0x00000000ab580000)
 Metaspace       used 82589K, committed 84224K, reserved 1179648K
  class space    used 8547K, committed 9216K, reserved 1048576K
}
Event: 1315.228 GC heap before
{Heap before GC invocations=1120 (full 4):
 PSYoungGen      total 7168K, used 6761K [0x00000000d5580000, 0x00000000d6480000, 0x0000000100000000)
  eden space 6144K, 96% used [0x00000000d5580000,0x00000000d5b51210,0x00000000d5b80000)
  from space 1024K, 78% used [0x00000000d5d00000,0x00000000d5dc9210,0x00000000d5e00000)
  to   space 2560K, 0% used [0x00000000d6200000,0x00000000d6200000,0x00000000d6480000)
 ParOldGen       total 710144K, used 374214K [0x0000000080000000, 0x00000000ab580000, 0x00000000d5580000)
  object space 710144K, 52% used [0x0000000080000000,0x0000000096d71918,0x00000000ab580000)
 Metaspace       used 82659K, committed 84288K, reserved 1179648K
  class space    used 8547K, committed 9216K, reserved 1048576K
}
Event: 1315.234 GC heap after
{Heap after GC invocations=1120 (full 4):
 PSYoungGen      total 7680K, used 1076K [0x00000000d5580000, 0x00000000d6380000, 0x0000000100000000)
  eden space 6144K, 0% used [0x00000000d5580000,0x00000000d5580000,0x00000000d5b80000)
  from space 1536K, 70% used [0x00000000d6200000,0x00000000d630d200,0x00000000d6380000)
  to   space 1536K, 0% used [0x00000000d6080000,0x00000000d6080000,0x00000000d6200000)
 ParOldGen       total 710144K, used 374954K [0x0000000080000000, 0x00000000ab580000, 0x00000000d5580000)
  object space 710144K, 52% used [0x0000000080000000,0x0000000096e2aad8,0x00000000ab580000)
 Metaspace       used 82659K, committed 84288K, reserved 1179648K
  class space    used 8547K, committed 9216K, reserved 1048576K
}
Event: 1315.262 GC heap before
{Heap before GC invocations=1121 (full 4):
 PSYoungGen      total 7680K, used 7220K [0x00000000d5580000, 0x00000000d6380000, 0x0000000100000000)
  eden space 6144K, 99% used [0x00000000d5580000,0x00000000d5b7ff60,0x00000000d5b80000)
  from space 1536K, 70% used [0x00000000d6200000,0x00000000d630d200,0x00000000d6380000)
  to   space 1536K, 0% used [0x00000000d6080000,0x00000000d6080000,0x00000000d6200000)
 ParOldGen       total 710144K, used 374954K [0x0000000080000000, 0x00000000ab580000, 0x00000000d5580000)
  object space 710144K, 52% used [0x0000000080000000,0x0000000096e2aad8,0x00000000ab580000)
 Metaspace       used 82659K, committed 84288K, reserved 1179648K
  class space    used 8547K, committed 9216K, reserved 1048576K
}
Event: 1315.287 GC heap after
{Heap after GC invocations=1121 (full 4):
 PSYoungGen      total 7680K, used 1516K [0x00000000d5580000, 0x00000000d6b80000, 0x0000000100000000)
  eden space 6144K, 0% used [0x00000000d5580000,0x00000000d5580000,0x00000000d5b80000)
  from space 1536K, 98% used [0x00000000d6080000,0x00000000d61fb0a0,0x00000000d6200000)
  to   space 8192K, 0% used [0x00000000d6380000,0x00000000d6380000,0x00000000d6b80000)
 ParOldGen       total 710144K, used 380408K [0x0000000080000000, 0x00000000ab580000, 0x00000000d5580000)
  object space 710144K, 53% used [0x0000000080000000,0x000000009737e110,0x00000000ab580000)
 Metaspace       used 82659K, committed 84288K, reserved 1179648K
  class space    used 8547K, committed 9216K, reserved 1048576K
}
Event: 1315.350 GC heap before
{Heap before GC invocations=1122 (full 4):
 PSYoungGen      total 7680K, used 7660K [0x00000000d5580000, 0x00000000d6b80000, 0x0000000100000000)
  eden space 6144K, 100% used [0x00000000d5580000,0x00000000d5b80000,0x00000000d5b80000)
  from space 1536K, 98% used [0x00000000d6080000,0x00000000d61fb0a0,0x00000000d6200000)
  to   space 8192K, 0% used [0x00000000d6380000,0x00000000d6380000,0x00000000d6b80000)
 ParOldGen       total 710144K, used 380408K [0x0000000080000000, 0x00000000ab580000, 0x00000000d5580000)
  object space 710144K, 53% used [0x0000000080000000,0x000000009737e110,0x00000000ab580000)
 Metaspace       used 82672K, committed 84352K, reserved 1179648K
  class space    used 8547K, committed 9216K, reserved 1048576K
}
Event: 1315.359 GC heap after
{Heap after GC invocations=1122 (full 4):
 PSYoungGen      total 10240K, used 4058K [0x00000000d5580000, 0x00000000d6780000, 0x0000000100000000)
  eden space 6144K, 0% used [0x00000000d5580000,0x00000000d5580000,0x00000000d5b80000)
  from space 4096K, 99% used [0x00000000d6380000,0x00000000d6776900,0x00000000d6780000)
  to   space 5120K, 0% used [0x00000000d5d80000,0x00000000d5d80000,0x00000000d6280000)
 ParOldGen       total 710144K, used 381972K [0x0000000080000000, 0x00000000ab580000, 0x00000000d5580000)
  object space 710144K, 53% used [0x0000000080000000,0x00000000975051b0,0x00000000ab580000)
 Metaspace       used 82672K, committed 84352K, reserved 1179648K
  class space    used 8547K, committed 9216K, reserved 1048576K
}
Event: 1316.911 GC heap before
{Heap before GC invocations=1123 (full 4):
 PSYoungGen      total 10240K, used 10202K [0x00000000d5580000, 0x00000000d6780000, 0x0000000100000000)
  eden space 6144K, 99% used [0x00000000d5580000,0x00000000d5b7ffa8,0x00000000d5b80000)
  from space 4096K, 99% used [0x00000000d6380000,0x00000000d6776900,0x00000000d6780000)
  to   space 5120K, 0% used [0x00000000d5d80000,0x00000000d5d80000,0x00000000d6280000)
 ParOldGen       total 710144K, used 381972K [0x0000000080000000, 0x00000000ab580000, 0x00000000d5580000)
  object space 710144K, 53% used [0x0000000080000000,0x00000000975051b0,0x00000000ab580000)
 Metaspace       used 82718K, committed 84352K, reserved 1179648K
  class space    used 8548K, committed 9216K, reserved 1048576K
}
Event: 1316.932 GC heap after
{Heap after GC invocations=1123 (full 4):
 PSYoungGen      total 6656K, used 352K [0x00000000d5580000, 0x00000000d6400000, 0x0000000100000000)
  eden space 6144K, 0% used [0x00000000d5580000,0x00000000d5580000,0x00000000d5b80000)
  from space 512K, 68% used [0x00000000d5d80000,0x00000000d5dd8000,0x00000000d5e00000)
  to   space 2048K, 0% used [0x00000000d6200000,0x00000000d6200000,0x00000000d6400000)
 ParOldGen       total 710144K, used 385924K [0x0000000080000000, 0x00000000ab580000, 0x00000000d5580000)
  object space 710144K, 54% used [0x0000000080000000,0x00000000978e13c0,0x00000000ab580000)
 Metaspace       used 82718K, committed 84352K, reserved 1179648K
  class space    used 8548K, committed 9216K, reserved 1048576K
}
Event: 1318.494 GC heap before
{Heap before GC invocations=1124 (full 4):
 PSYoungGen      total 6656K, used 6496K [0x00000000d5580000, 0x00000000d6400000, 0x0000000100000000)
  eden space 6144K, 100% used [0x00000000d5580000,0x00000000d5b80000,0x00000000d5b80000)
  from space 512K, 68% used [0x00000000d5d80000,0x00000000d5dd8000,0x00000000d5e00000)
  to   space 2048K, 0% used [0x00000000d6200000,0x00000000d6200000,0x00000000d6400000)
 ParOldGen       total 710144K, used 385924K [0x0000000080000000, 0x00000000ab580000, 0x00000000d5580000)
  object space 710144K, 54% used [0x0000000080000000,0x00000000978e13c0,0x00000000ab580000)
 Metaspace       used 82767K, committed 84416K, reserved 1179648K
  class space    used 8549K, committed 9216K, reserved 1048576K
}
Event: 1318.496 GC heap after
{Heap after GC invocations=1124 (full 4):
 PSYoungGen      total 6656K, used 224K [0x00000000d5580000, 0x00000000d6280000, 0x0000000100000000)
  eden space 6144K, 0% used [0x00000000d5580000,0x00000000d5580000,0x00000000d5b80000)
  from space 512K, 43% used [0x00000000d6200000,0x00000000d6238000,0x00000000d6280000)
  to   space 1024K, 0% used [0x00000000d6080000,0x00000000d6080000,0x00000000d6180000)
 ParOldGen       total 710144K, used 386036K [0x0000000080000000, 0x00000000ab580000, 0x00000000d5580000)
  object space 710144K, 54% used [0x0000000080000000,0x00000000978fd3c0,0x00000000ab580000)
 Metaspace       used 82767K, committed 84416K, reserved 1179648K
  class space    used 8549K, committed 9216K, reserved 1048576K
}
Event: 1319.292 GC heap before
{Heap before GC invocations=1125 (full 4):
 PSYoungGen      total 6656K, used 6368K [0x00000000d5580000, 0x00000000d6280000, 0x0000000100000000)
  eden space 6144K, 100% used [0x00000000d5580000,0x00000000d5b80000,0x00000000d5b80000)
  from space 512K, 43% used [0x00000000d6200000,0x00000000d6238000,0x00000000d6280000)
  to   space 1024K, 0% used [0x00000000d6080000,0x00000000d6080000,0x00000000d6180000)
 ParOldGen       total 710144K, used 386036K [0x0000000080000000, 0x00000000ab580000, 0x00000000d5580000)
  object space 710144K, 54% used [0x0000000080000000,0x00000000978fd3c0,0x00000000ab580000)
 Metaspace       used 82823K, committed 84480K, reserved 1179648K
  class space    used 8549K, committed 9216K, reserved 1048576K
}
Event: 1319.297 GC heap after
{Heap after GC invocations=1125 (full 4):
 PSYoungGen      total 7168K, used 1024K [0x00000000d5580000, 0x00000000d6280000, 0x0000000100000000)
  eden space 6144K, 0% used [0x00000000d5580000,0x00000000d5580000,0x00000000d5b80000)
  from space 1024K, 100% used [0x00000000d6080000,0x00000000d6180000,0x00000000d6180000)
  to   space 1024K, 0% used [0x00000000d6180000,0x00000000d6180000,0x00000000d6280000)
 ParOldGen       total 710144K, used 386565K [0x0000000080000000, 0x00000000ab580000, 0x00000000d5580000)
  object space 710144K, 54% used [0x0000000080000000,0x0000000097981568,0x00000000ab580000)
 Metaspace       used 82823K, committed 84480K, reserved 1179648K
  class space    used 8549K, committed 9216K, reserved 1048576K
}
Event: 1663.731 GC heap before
{Heap before GC invocations=1126 (full 4):
 PSYoungGen      total 7168K, used 7168K [0x00000000d5580000, 0x00000000d6280000, 0x0000000100000000)
  eden space 6144K, 100% used [0x00000000d5580000,0x00000000d5b80000,0x00000000d5b80000)
  from space 1024K, 100% used [0x00000000d6080000,0x00000000d6180000,0x00000000d6180000)
  to   space 1024K, 0% used [0x00000000d6180000,0x00000000d6180000,0x00000000d6280000)
 ParOldGen       total 710144K, used 386565K [0x0000000080000000, 0x00000000ab580000, 0x00000000d5580000)
  object space 710144K, 54% used [0x0000000080000000,0x0000000097981568,0x00000000ab580000)
 Metaspace       used 82853K, committed 84480K, reserved 1179648K
  class space    used 8549K, committed 9216K, reserved 1048576K
}
Event: 1663.804 GC heap after
{Heap after GC invocations=1126 (full 4):
 PSYoungGen      total 6656K, used 416K [0x00000000d5580000, 0x00000000d6200000, 0x0000000100000000)
  eden space 6144K, 0% used [0x00000000d5580000,0x00000000d5580000,0x00000000d5b80000)
  from space 512K, 81% used [0x00000000d6180000,0x00000000d61e8000,0x00000000d6200000)
  to   space 1024K, 0% used [0x00000000d6000000,0x00000000d6000000,0x00000000d6100000)
 ParOldGen       total 710144K, used 387613K [0x0000000080000000, 0x00000000ab580000, 0x00000000d5580000)
  object space 710144K, 54% used [0x0000000080000000,0x0000000097a877e8,0x00000000ab580000)
 Metaspace       used 82853K, committed 84480K, reserved 1179648K
  class space    used 8549K, committed 9216K, reserved 1048576K
}

